<?xml version="1.0" encoding="UTF-8"?>
<testng-results ignored="0" total="1" passed="1" failed="0" skipped="0">
  <reporter-output>
  </reporter-output>
  <suite started-at="2023-11-02T13:19:57 IST" name="Default suite" finished-at="2023-11-02T13:20:25 IST" duration-ms="28491">
    <groups>
    </groups>
    <test started-at="2023-11-02T13:19:57 IST" name="Default test" finished-at="2023-11-02T13:20:25 IST" duration-ms="28491">
      <class name="tsestone.TestUploadedImage.TestImage">
        <test-method signature="checkWEbElemet()[pri:0, instance:tsestone.TestUploadedImage.TestImage@235a0c16]" started-at="2023-11-02T13:19:57 IST" name="checkWEbElemet" finished-at="2023-11-02T13:20:25 IST" duration-ms="28266" status="PASS">
          <reporter-output>
          </reporter-output>
        </test-method> <!-- checkWEbElemet -->
      </class> <!-- tsestone.TestUploadedImage.TestImage -->
    </test> <!-- Default test -->
  </suite> <!-- Default suite -->
</testng-results>
